<?xml version="1.0" encoding="UTF-8"?>
<robot generator="Robot 3.2.2 (Python 3.11.2 on win32)" generated="20230925 21:29:07.563" rpa="false">
<suite id="s1" name="Rakamin" source="D:\PERKULIAHAN\SEMESTER 5\QA Rakamin\rakamin">
<suite id="s1-s1" name="TestSuite" source="D:\PERKULIAHAN\SEMESTER 5\QA Rakamin\rakamin\TestSuite">
<suite id="s1-s1-s1" name="MyFirstTest" source="D:\PERKULIAHAN\SEMESTER 5\QA Rakamin\rakamin\TestSuite\MyFirstTest.robot">
<test id="s1-s1-s1-t1" name="FirstSeleniumTest">
<kw name="Open Browser" library="SeleniumLibrary">
<doc>Opens a new browser instance to the optional ``url``.</doc>
<arguments>
<arg>https://app.jubelio.com/login</arg>
<arg>chrome</arg>
</arguments>
<msg timestamp="20230925 21:29:07.851" level="INFO">Opening browser 'chrome' to base url 'https://app.jubelio.com/login'.</msg>
<status status="PASS" starttime="20230925 21:29:07.851" endtime="20230925 21:29:13.987"></status>
</kw>
<kw name="Set Selenium Implicit Wait" library="SeleniumLibrary">
<doc>Sets the implicit wait value used by Selenium.</doc>
<arguments>
<arg>5</arg>
</arguments>
<status status="PASS" starttime="20230925 21:29:13.987" endtime="20230925 21:29:13.989"></status>
</kw>
<kw name="Sleep" library="BuiltIn">
<doc>Pauses the test executed for the given time.</doc>
<arguments>
<arg>2</arg>
</arguments>
<msg timestamp="20230925 21:29:15.990" level="INFO">Slept 2 seconds</msg>
<status status="PASS" starttime="20230925 21:29:13.989" endtime="20230925 21:29:15.990"></status>
</kw>
<kw name="Input Text" library="SeleniumLibrary">
<doc>Types the given ``text`` into the text field identified by ``locator``.</doc>
<arguments>
<arg>//*[@id="root"]/div/div/div[1]/div/div[2]/div/form/div[1]/div/input</arg>
<arg>qa.rakamin.jubelio@gmail.com</arg>
</arguments>
<msg timestamp="20230925 21:29:15.990" level="INFO">Typing text 'qa.rakamin.jubelio@gmail.com' into text field '//*[@id="root"]/div/div/div[1]/div/div[2]/div/form/div[1]/div/input'.</msg>
<status status="PASS" starttime="20230925 21:29:15.990" endtime="20230925 21:29:16.081"></status>
</kw>
<kw name="Input Password" library="SeleniumLibrary">
<doc>Types the given password into the text field identified by ``locator``.</doc>
<arguments>
<arg>//*[@id="root"]/div/div/div[1]/div/div[2]/div/form/div[2]/div/input</arg>
<arg>Jubelio123!</arg>
</arguments>
<msg timestamp="20230925 21:29:16.081" level="INFO">Typing password into text field '//*[@id="root"]/div/div/div[1]/div/div[2]/div/form/div[2]/div/input'.</msg>
<msg timestamp="20230925 21:29:16.105" level="INFO">Temporally setting log level to: NONE</msg>
<msg timestamp="20230925 21:29:16.159" level="INFO">Log level changed from NONE to INFO.</msg>
<status status="PASS" starttime="20230925 21:29:16.081" endtime="20230925 21:29:16.159"></status>
</kw>
<kw name="Click Button" library="SeleniumLibrary">
<doc>Clicks the button identified by ``locator``.</doc>
<arguments>
<arg>//*[@id="root"]/div/div/div[1]/div/div[2]/div/form/button</arg>
</arguments>
<msg timestamp="20230925 21:29:16.159" level="INFO">Clicking button '//*[@id="root"]/div/div/div[1]/div/div[2]/div/form/button'.</msg>
<status status="PASS" starttime="20230925 21:29:16.159" endtime="20230925 21:29:16.354"></status>
</kw>
<kw name="Sleep" library="BuiltIn">
<doc>Pauses the test executed for the given time.</doc>
<arguments>
<arg>10</arg>
</arguments>
<msg timestamp="20230925 21:29:26.355" level="INFO">Slept 10 seconds</msg>
<status status="PASS" starttime="20230925 21:29:16.354" endtime="20230925 21:29:26.355"></status>
</kw>
<kw name="Close Browser" library="SeleniumLibrary">
<doc>Closes the current browser.</doc>
<status status="PASS" starttime="20230925 21:29:26.355" endtime="20230925 21:29:28.607"></status>
</kw>
<kw name="Log" library="BuiltIn">
<doc>Logs the given message with the given level.</doc>
<arguments>
<arg>Test Complete</arg>
</arguments>
<msg timestamp="20230925 21:29:28.607" level="INFO">Test Complete</msg>
<status status="PASS" starttime="20230925 21:29:28.607" endtime="20230925 21:29:28.607"></status>
</kw>
<status status="PASS" starttime="20230925 21:29:07.850" endtime="20230925 21:29:28.607" critical="yes"></status>
</test>
<status status="PASS" starttime="20230925 21:29:07.600" endtime="20230925 21:29:28.607"></status>
</suite>
<status status="PASS" starttime="20230925 21:29:07.597" endtime="20230925 21:29:28.608"></status>
</suite>
<status status="PASS" starttime="20230925 21:29:07.583" endtime="20230925 21:29:28.609"></status>
</suite>
<statistics>
<total>
<stat pass="1" fail="0">Critical Tests</stat>
<stat pass="1" fail="0">All Tests</stat>
</total>
<tag>
</tag>
<suite>
<stat pass="1" fail="0" id="s1" name="Rakamin">Rakamin</stat>
<stat pass="1" fail="0" id="s1-s1" name="TestSuite">Rakamin.TestSuite</stat>
<stat pass="1" fail="0" id="s1-s1-s1" name="MyFirstTest">Rakamin.TestSuite.MyFirstTest</stat>
</suite>
</statistics>
<errors>
<msg timestamp="20230925 21:29:07.581" level="ERROR">Taking listener 'C:\Users\ASUS\AppData\Local\Temp\RobotTempDir17262641953325263685\TestRunnerAgent.py:59680' into use failed: Importing listener 'C:\Users\ASUS\AppData\Local\Temp\RobotTempDir17262641953325263685\TestRunnerAgent.py' failed: ModuleNotFoundError: No module named 'robot.parsing.populators'
Traceback (most recent call last):
  File "C:\Users\ASUS\AppData\Local\Temp\RobotTempDir17262641953325263685\TestRunnerAgent.py", line 72, in &lt;module&gt;
    from robot.parsing.populators import READERS
PYTHONPATH:
  C:\Python311\Lib\site-packages
  D:\PERKULIAHAN\SEMESTER 5\QA Rakamin\rakamin
  C:\Python311\python311.zip
  C:\Python311\DLLs
  C:\Python311\Lib
  C:\Python311
  C:\Python311\Lib\site-packages</msg>
</errors>
</robot>
